Using pre-set license
Built from '2020.3/staging' branch; Version is '2020.3.10f1 (297d780c91bc) revision 2719096'; Using compiler version '192528614'; Build Type 'Release'
OS: 'Windows 10 Pro; OS build 18363.1556; Version 1909; 64bit' Language: 'en' Physical Memory: 16204 MB
BatchMode: 1, IsHumanControllingUs: 0, StartBugReporterOnCrash: 0, Is64bit: 1, IsPro: 0

 COMMAND LINE ARGUMENTS:
C:\Program Files\Unity\Hub\Editor\2020.3.10f1\Editor\Unity.exe
-adb2
-batchMode
-noUpm
-name
AssetImportWorker0
-projectPath
C:/Users/conta/Documents/gitroot/Project-Shard-V2/Project-Shard-V2
-logFile
Logs/AssetImportWorker0.log
-srvPort
54621
Successfully changed project path to: C:/Users/conta/Documents/gitroot/Project-Shard-V2/Project-Shard-V2
C:/Users/conta/Documents/gitroot/Project-Shard-V2/Project-Shard-V2
Using Asset Import Pipeline V2.
Refreshing native plugins compatible for Editor in 204.99 ms, found 2 plugins.
Preloading 0 native plugins for Editor in 0.00 ms.
Initialize engine version: 2020.3.10f1 (297d780c91bc)
[Subsystems] Discovering subsystems at path C:/Program Files/Unity/Hub/Editor/2020.3.10f1/Editor/Data/Resources/UnitySubsystems
[Subsystems] Discovering subsystems at path C:/Users/conta/Documents/gitroot/Project-Shard-V2/Project-Shard-V2/Assets
GfxDevice: creating device client; threaded=0
Direct3D:
    Version:  Direct3D 11.0 [level 11.1]
    Renderer: Intel(R) HD Graphics 520 (ID=0x1916)
    Vendor:   
    VRAM:     8102 MB
    Driver:   26.20.100.7812
Shader 'Universal Render Pipeline/Particles/Lit': fallback shader 'Universal Render Pipeline/Particles/SimpleLit' not found
Initialize mono
Mono path[0] = 'C:/Program Files/Unity/Hub/Editor/2020.3.10f1/Editor/Data/Managed'
Mono path[1] = 'C:/Program Files/Unity/Hub/Editor/2020.3.10f1/Editor/Data/MonoBleedingEdge/lib/mono/unityjit'
Mono config path = 'C:/Program Files/Unity/Hub/Editor/2020.3.10f1/Editor/Data/MonoBleedingEdge/etc'
Using monoOptions --debugger-agent=transport=dt_socket,embedding=1,server=y,suspend=n,address=127.0.0.1:56204
Begin MonoManager ReloadAssembly
Registering precompiled unity dll's ...
Register platform support module: C:/Program Files/Unity/Hub/Editor/2020.3.10f1/Editor/Data/PlaybackEngines/WebGLSupport/UnityEditor.WebGL.Extensions.dll
Register platform support module: C:/Program Files/Unity/Hub/Editor/2020.3.10f1/Editor/Data/PlaybackEngines/WindowsStandaloneSupport/UnityEditor.WindowsStandalone.Extensions.dll
Registered in 0.007357 seconds.
Native extension for WindowsStandalone target not found
Native extension for WebGL target not found
Refreshing native plugins compatible for Editor in 150.98 ms, found 2 plugins.
Preloading 0 native plugins for Editor in 0.00 ms.
Mono: successfully reloaded assembly
- Completed reload, in  2.921 seconds
Platform modules already initialized, skipping
Registering precompiled user dll's ...
Registered in 0.023480 seconds.
Begin MonoManager ReloadAssembly
Native extension for WindowsStandalone target not found
Native extension for WebGL target not found
Refreshing native plugins compatible for Editor in 158.36 ms, found 2 plugins.
Preloading 0 native plugins for Editor in 0.00 ms.
Mono: successfully reloaded assembly
- Completed reload, in  2.802 seconds
Platform modules already initialized, skipping
========================================================================
Worker process is ready to serve import requests
Shader 'Universal Render Pipeline/Particles/Lit': fallback shader 'Universal Render Pipeline/Particles/SimpleLit' not found
Launched and connected shader compiler UnityShaderCompiler.exe after 0.10 seconds
Refreshing native plugins compatible for Editor in 1.76 ms, found 2 plugins.
Preloading 0 native plugins for Editor in 0.00 ms.
Unloading 3535 Unused Serialized files (Serialized files now loaded: 0)
System memory in use before: 149.2 MB.
System memory in use after: 149.4 MB.

Unloading 59 unused Assets to reduce memory usage. Loaded Objects now: 3940.
Total: 21.355000 ms (FindLiveObjects: 1.839600 ms CreateObjectMapping: 0.766500 ms MarkObjects: 18.537200 ms  DeleteObjects: 0.208600 ms)

========================================================================
Received Import Request.
  path: Assets/Scripts/CardGameManager.cs
  artifactKey: Guid(9671b3aa11decd04eafb1a79c0a56d8d) Importer(815301076,1909f56bfc062723c751e8b465ee728b)
Start importing Assets/Scripts/CardGameManager.cs using Guid(9671b3aa11decd04eafb1a79c0a56d8d) Importer(815301076,1909f56bfc062723c751e8b465ee728b)  -> (artifact id: '0b488a429fece037814cd11e6b041bb8') in 0.088235 seconds
  Import took 0.102379 seconds .

========================================================================
Received Prepare
Shader 'Universal Render Pipeline/Particles/Lit': fallback shader 'Universal Render Pipeline/Particles/SimpleLit' not found
Refreshing native plugins compatible for Editor in 45.78 ms, found 2 plugins.
Preloading 0 native plugins for Editor in 0.00 ms.
Unloading 48 Unused Serialized files (Serialized files now loaded: 0)
System memory in use before: 73.2 MB.
System memory in use after: 73.4 MB.

Unloading 48 unused Assets to reduce memory usage. Loaded Objects now: 3940.
Total: 18.349200 ms (FindLiveObjects: 0.674900 ms CreateObjectMapping: 0.341500 ms MarkObjects: 17.245800 ms  DeleteObjects: 0.083400 ms)

========================================================================
Received Import Request.
  Time since last request: 158.012744 seconds.
  path: Assets/Scripts/CardGameManager.cs
  artifactKey: Guid(9671b3aa11decd04eafb1a79c0a56d8d) Importer(815301076,1909f56bfc062723c751e8b465ee728b)
Start importing Assets/Scripts/CardGameManager.cs using Guid(9671b3aa11decd04eafb1a79c0a56d8d) Importer(815301076,1909f56bfc062723c751e8b465ee728b)  -> (artifact id: '9e0df04e9c60e02a2368186d2f5f717a') in 0.026684 seconds
  Import took 0.054631 seconds .

========================================================================
Received Import Request.
  Time since last request: 18.088310 seconds.
  path: Assets/Scripts/CardGameManager.cs
  artifactKey: Guid(9671b3aa11decd04eafb1a79c0a56d8d) Importer(815301076,1909f56bfc062723c751e8b465ee728b)
Start importing Assets/Scripts/CardGameManager.cs using Guid(9671b3aa11decd04eafb1a79c0a56d8d) Importer(815301076,1909f56bfc062723c751e8b465ee728b)  -> (artifact id: '9a077a91a53b868f0ba7559964aaee75') in 0.031405 seconds
  Import took 0.053429 seconds .

========================================================================
Received Import Request.
  Time since last request: 151.504439 seconds.
  path: Assets/Scripts/CardGameManager.cs
  artifactKey: Guid(9671b3aa11decd04eafb1a79c0a56d8d) Importer(815301076,1909f56bfc062723c751e8b465ee728b)
Start importing Assets/Scripts/CardGameManager.cs using Guid(9671b3aa11decd04eafb1a79c0a56d8d) Importer(815301076,1909f56bfc062723c751e8b465ee728b)  -> (artifact id: 'c62b3dd349f4ced05adbb08867f4d310') in 0.020375 seconds
  Import took 0.044545 seconds .

========================================================================
Received Prepare
Registering precompiled user dll's ...
Registered in 0.012937 seconds.
Begin MonoManager ReloadAssembly
Native extension for WindowsStandalone target not found
Native extension for WebGL target not found
Refreshing native plugins compatible for Editor in 3.89 ms, found 2 plugins.
Preloading 0 native plugins for Editor in 0.00 ms.
Mono: successfully reloaded assembly
- Completed reload, in  2.186 seconds
Platform modules already initialized, skipping
Shader 'Universal Render Pipeline/Particles/Lit': fallback shader 'Universal Render Pipeline/Particles/SimpleLit' not found
Refreshing native plugins compatible for Editor in 1.34 ms, found 2 plugins.
Preloading 0 native plugins for Editor in 0.00 ms.
Unloading 3396 Unused Serialized files (Serialized files now loaded: 0)
System memory in use before: 139.4 MB.
System memory in use after: 139.6 MB.

Unloading 50 unused Assets to reduce memory usage. Loaded Objects now: 3943.
Total: 10.623100 ms (FindLiveObjects: 1.000100 ms CreateObjectMapping: 0.411900 ms MarkObjects: 9.155600 ms  DeleteObjects: 0.054000 ms)

========================================================================
Received Import Request.
  Time since last request: 53.330331 seconds.
  path: Assets/Scripts/CardTypes
  artifactKey: Guid(35363f7f83ad98b419d707d78cca883d) Importer(815301076,1909f56bfc062723c751e8b465ee728b)
Start importing Assets/Scripts/CardTypes using Guid(35363f7f83ad98b419d707d78cca883d) Importer(815301076,1909f56bfc062723c751e8b465ee728b)  -> (artifact id: 'c7457d0ea6bb69297a1e95aa68a90d8b') in 0.020546 seconds
  Import took 0.030576 seconds .

========================================================================
Received Import Request.
  Time since last request: 1.307455 seconds.
  path: Assets/Scripts/Effects
  artifactKey: Guid(0732e0ad805fb3c4caf55dff6f5ff6dc) Importer(815301076,1909f56bfc062723c751e8b465ee728b)
Start importing Assets/Scripts/Effects using Guid(0732e0ad805fb3c4caf55dff6f5ff6dc) Importer(815301076,1909f56bfc062723c751e8b465ee728b)  -> (artifact id: '0c31d892fb257f9c70d620416c0ae95b') in 0.024996 seconds
  Import took 0.035576 seconds .

========================================================================
Received Import Request.
  Time since last request: 1.900492 seconds.
  path: Assets/Scripts/CardAbility
  artifactKey: Guid(1ab49efecfc671444b8dedf990fc0d54) Importer(815301076,1909f56bfc062723c751e8b465ee728b)
Start importing Assets/Scripts/CardAbility using Guid(1ab49efecfc671444b8dedf990fc0d54) Importer(815301076,1909f56bfc062723c751e8b465ee728b)  -> (artifact id: 'e6b54121cdfb4dc94af7c1d8466ee52e') in 0.026321 seconds
  Import took 0.037787 seconds .

========================================================================
Received Import Request.
  Time since last request: 5.006482 seconds.
  path: Assets/Scripts/UI
  artifactKey: Guid(678dacdec4db6234a8930fb27e4a3701) Importer(815301076,1909f56bfc062723c751e8b465ee728b)
Start importing Assets/Scripts/UI using Guid(678dacdec4db6234a8930fb27e4a3701) Importer(815301076,1909f56bfc062723c751e8b465ee728b)  -> (artifact id: '14cdd69d3d75022ebad12f226bd40388') in 0.027728 seconds
  Import took 0.041828 seconds .

========================================================================
Received Import Request.
  Time since last request: 2.434121 seconds.
  path: Assets/Scripts/UI/CardGameUI.cs
  artifactKey: Guid(12c336672e11ba24b87c48eb7dc9c828) Importer(815301076,1909f56bfc062723c751e8b465ee728b)
Start importing Assets/Scripts/UI/CardGameUI.cs using Guid(12c336672e11ba24b87c48eb7dc9c828) Importer(815301076,1909f56bfc062723c751e8b465ee728b)  -> (artifact id: 'a6ab540b29f23032c9ca19df39ddc85c') in 0.023705 seconds
  Import took 0.038664 seconds .

========================================================================
Received Import Request.
  Time since last request: 161.012334 seconds.
  path: Assets/Scripts/UI/CardParticles.cs
  artifactKey: Guid(4ca80f2be1df7ed4c972ba2263125475) Importer(815301076,1909f56bfc062723c751e8b465ee728b)
Start importing Assets/Scripts/UI/CardParticles.cs using Guid(4ca80f2be1df7ed4c972ba2263125475) Importer(815301076,1909f56bfc062723c751e8b465ee728b)  -> (artifact id: '21854087319b561443e2fd610e7dcdfc') in 0.059097 seconds
  Import took 0.073521 seconds .

========================================================================
Received Import Request.
  Time since last request: 0.973949 seconds.
  path: Assets/Scripts/UI/CardUI.cs
  artifactKey: Guid(8dfc5fdf9c1eff3438ed75c8d9225d50) Importer(815301076,1909f56bfc062723c751e8b465ee728b)
Start importing Assets/Scripts/UI/CardUI.cs using Guid(8dfc5fdf9c1eff3438ed75c8d9225d50) Importer(815301076,1909f56bfc062723c751e8b465ee728b)  -> (artifact id: '83a51c5a6546914b713d72c7f6241c81') in 0.029652 seconds
  Import took 0.043543 seconds .

========================================================================
Received Import Request.
  Time since last request: 192.632605 seconds.
  path: Assets/Scripts/UI/TargeterUI.cs
  artifactKey: Guid(d2eeb035726dd10419e8c82cb2460ec1) Importer(815301076,1909f56bfc062723c751e8b465ee728b)
Start importing Assets/Scripts/UI/TargeterUI.cs using Guid(d2eeb035726dd10419e8c82cb2460ec1) Importer(815301076,1909f56bfc062723c751e8b465ee728b)  -> (artifact id: 'd7ef51aed00f573b3f7e80c2b9856ef8') in 0.034266 seconds
  Import took 0.046929 seconds .

========================================================================
Received Prepare
Registering precompiled user dll's ...
Registered in 0.018106 seconds.
Begin MonoManager ReloadAssembly
Native extension for WindowsStandalone target not found
Native extension for WebGL target not found
Refreshing native plugins compatible for Editor in 1.76 ms, found 2 plugins.
Preloading 0 native plugins for Editor in 0.00 ms.
Mono: successfully reloaded assembly
- Completed reload, in  2.738 seconds
Platform modules already initialized, skipping
Shader 'Universal Render Pipeline/Particles/Lit': fallback shader 'Universal Render Pipeline/Particles/SimpleLit' not found
Refreshing native plugins compatible for Editor in 1.47 ms, found 2 plugins.
Preloading 0 native plugins for Editor in 0.00 ms.
Unloading 3396 Unused Serialized files (Serialized files now loaded: 0)
System memory in use before: 139.4 MB.
System memory in use after: 139.7 MB.

Unloading 50 unused Assets to reduce memory usage. Loaded Objects now: 3946.
Total: 9.602400 ms (FindLiveObjects: 0.409500 ms CreateObjectMapping: 0.219300 ms MarkObjects: 8.849100 ms  DeleteObjects: 0.122300 ms)

========================================================================
Received Prepare
Registering precompiled user dll's ...
Registered in 0.016533 seconds.
Begin MonoManager ReloadAssembly
Native extension for WindowsStandalone target not found
Native extension for WebGL target not found
Refreshing native plugins compatible for Editor in 1.96 ms, found 2 plugins.
Preloading 0 native plugins for Editor in 0.00 ms.
Mono: successfully reloaded assembly
- Completed reload, in  2.426 seconds
Platform modules already initialized, skipping
Shader 'Universal Render Pipeline/Particles/Lit': fallback shader 'Universal Render Pipeline/Particles/SimpleLit' not found
Refreshing native plugins compatible for Editor in 1.61 ms, found 2 plugins.
Preloading 0 native plugins for Editor in 0.00 ms.
Unloading 3396 Unused Serialized files (Serialized files now loaded: 0)
System memory in use before: 139.5 MB.
System memory in use after: 139.7 MB.

Unloading 50 unused Assets to reduce memory usage. Loaded Objects now: 3949.
Total: 13.473000 ms (FindLiveObjects: 0.770000 ms CreateObjectMapping: 0.518300 ms MarkObjects: 12.105400 ms  DeleteObjects: 0.076100 ms)

========================================================================
Received Prepare
Registering precompiled user dll's ...
Registered in 0.014402 seconds.
Begin MonoManager ReloadAssembly
Native extension for WindowsStandalone target not found
Native extension for WebGL target not found
Refreshing native plugins compatible for Editor in 2.92 ms, found 2 plugins.
Preloading 0 native plugins for Editor in 0.00 ms.
Mono: successfully reloaded assembly
- Completed reload, in  2.394 seconds
Platform modules already initialized, skipping
Shader 'Universal Render Pipeline/Particles/Lit': fallback shader 'Universal Render Pipeline/Particles/SimpleLit' not found
Refreshing native plugins compatible for Editor in 1.90 ms, found 2 plugins.
Preloading 0 native plugins for Editor in 0.00 ms.
Unloading 3396 Unused Serialized files (Serialized files now loaded: 0)
System memory in use before: 139.5 MB.
System memory in use after: 139.7 MB.

Unloading 50 unused Assets to reduce memory usage. Loaded Objects now: 3952.
Total: 10.930400 ms (FindLiveObjects: 0.600000 ms CreateObjectMapping: 0.294500 ms MarkObjects: 9.979000 ms  DeleteObjects: 0.055200 ms)

========================================================================
Received Prepare
Registering precompiled user dll's ...
Registered in 0.020832 seconds.
Begin MonoManager ReloadAssembly
Native extension for WindowsStandalone target not found
Native extension for WebGL target not found
Refreshing native plugins compatible for Editor in 1.30 ms, found 2 plugins.
Preloading 0 native plugins for Editor in 0.00 ms.
Mono: successfully reloaded assembly
- Completed reload, in  1.917 seconds
Platform modules already initialized, skipping
Shader 'Universal Render Pipeline/Particles/Lit': fallback shader 'Universal Render Pipeline/Particles/SimpleLit' not found
Refreshing native plugins compatible for Editor in 1.55 ms, found 2 plugins.
Preloading 0 native plugins for Editor in 0.00 ms.
Unloading 3396 Unused Serialized files (Serialized files now loaded: 0)
System memory in use before: 139.5 MB.
System memory in use after: 139.8 MB.

Unloading 50 unused Assets to reduce memory usage. Loaded Objects now: 3955.
Total: 10.329400 ms (FindLiveObjects: 0.415700 ms CreateObjectMapping: 0.239500 ms MarkObjects: 9.598000 ms  DeleteObjects: 0.074300 ms)

========================================================================
Received Prepare
Registering precompiled user dll's ...
Registered in 0.023681 seconds.
Begin MonoManager ReloadAssembly
Native extension for WindowsStandalone target not found
Native extension for WebGL target not found
Refreshing native plugins compatible for Editor in 2.60 ms, found 2 plugins.
Preloading 0 native plugins for Editor in 0.00 ms.
Mono: successfully reloaded assembly
- Completed reload, in  2.192 seconds
Platform modules already initialized, skipping
Shader 'Universal Render Pipeline/Particles/Lit': fallback shader 'Universal Render Pipeline/Particles/SimpleLit' not found
Refreshing native plugins compatible for Editor in 1.73 ms, found 2 plugins.
Preloading 0 native plugins for Editor in 0.00 ms.
Unloading 3396 Unused Serialized files (Serialized files now loaded: 0)
System memory in use before: 139.5 MB.
System memory in use after: 139.8 MB.

Unloading 50 unused Assets to reduce memory usage. Loaded Objects now: 3958.
Total: 10.635000 ms (FindLiveObjects: 0.562200 ms CreateObjectMapping: 0.255700 ms MarkObjects: 9.760900 ms  DeleteObjects: 0.054700 ms)

========================================================================
Received Import Request.
  Time since last request: 869.511585 seconds.
  path: Assets/Scripts/Decklist.cs
  artifactKey: Guid(62cbc5c076f89fa4a82b7b694c1a0fc9) Importer(815301076,1909f56bfc062723c751e8b465ee728b)
Start importing Assets/Scripts/Decklist.cs using Guid(62cbc5c076f89fa4a82b7b694c1a0fc9) Importer(815301076,1909f56bfc062723c751e8b465ee728b)  -> (artifact id: 'ea72e76bf0e8aead7da169bf1d29ccfd') in 0.036896 seconds
  Import took 0.050925 seconds .

========================================================================
Received Import Request.
  Time since last request: 0.483433 seconds.
  path: Assets/Scripts/GamePhase.cs
  artifactKey: Guid(375809dd3bc9c3e4fbcc70c3e28d3896) Importer(815301076,1909f56bfc062723c751e8b465ee728b)
Start importing Assets/Scripts/GamePhase.cs using Guid(375809dd3bc9c3e4fbcc70c3e28d3896) Importer(815301076,1909f56bfc062723c751e8b465ee728b)  -> (artifact id: '76c0bdb9eaf45b5212da694bb4ef8711') in 0.025095 seconds
  Import took 0.038667 seconds .

========================================================================
Received Import Request.
  Time since last request: 0.006681 seconds.
  path: Assets/Scripts/GamePhase.cs
  artifactKey: Guid(375809dd3bc9c3e4fbcc70c3e28d3896) Importer(815301076,1909f56bfc062723c751e8b465ee728b)
Start importing Assets/Scripts/GamePhase.cs using Guid(375809dd3bc9c3e4fbcc70c3e28d3896) Importer(815301076,1909f56bfc062723c751e8b465ee728b)  -> (artifact id: '76c0bdb9eaf45b5212da694bb4ef8711') in 0.028689 seconds
  Import took 0.045190 seconds .

========================================================================
Received Import Request.
  Time since last request: 58.514834 seconds.
  path: Assets/Scripts/Card.cs
  artifactKey: Guid(5165c33abddb2684294fc3fe564dcdf4) Importer(815301076,1909f56bfc062723c751e8b465ee728b)
Start importing Assets/Scripts/Card.cs using Guid(5165c33abddb2684294fc3fe564dcdf4) Importer(815301076,1909f56bfc062723c751e8b465ee728b)  -> (artifact id: 'ff3add0e91eefae6aa78d74f7d142f1a') in 0.034948 seconds
  Import took 0.047593 seconds .

========================================================================
Received Import Request.
  Time since last request: 0.001154 seconds.
  path: Assets/Scripts/Card.cs
  artifactKey: Guid(5165c33abddb2684294fc3fe564dcdf4) Importer(815301076,1909f56bfc062723c751e8b465ee728b)
Start importing Assets/Scripts/Card.cs using Guid(5165c33abddb2684294fc3fe564dcdf4) Importer(815301076,1909f56bfc062723c751e8b465ee728b)  -> (artifact id: 'ff3add0e91eefae6aa78d74f7d142f1a') in 0.016508 seconds
  Import took 0.032710 seconds .

========================================================================
Received Import Request.
  Time since last request: 309.670830 seconds.
  path: Assets/Scripts/Card.cs
  artifactKey: Guid(5165c33abddb2684294fc3fe564dcdf4) Importer(815301076,1909f56bfc062723c751e8b465ee728b)
Start importing Assets/Scripts/Card.cs using Guid(5165c33abddb2684294fc3fe564dcdf4) Importer(815301076,1909f56bfc062723c751e8b465ee728b)  -> (artifact id: '3fd94a76e31270a61add66eccafbe308') in 0.039447 seconds
  Import took 0.068337 seconds .

========================================================================
Received Prepare
Registering precompiled user dll's ...
Registered in 0.014024 seconds.
Begin MonoManager ReloadAssembly
Native extension for WindowsStandalone target not found
Native extension for WebGL target not found
Refreshing native plugins compatible for Editor in 1.15 ms, found 2 plugins.
Preloading 0 native plugins for Editor in 0.00 ms.
Mono: successfully reloaded assembly
- Completed reload, in  2.305 seconds
Platform modules already initialized, skipping
Shader 'Universal Render Pipeline/Particles/Lit': fallback shader 'Universal Render Pipeline/Particles/SimpleLit' not found
Refreshing native plugins compatible for Editor in 1.98 ms, found 2 plugins.
Preloading 0 native plugins for Editor in 0.00 ms.
Unloading 3396 Unused Serialized files (Serialized files now loaded: 0)
System memory in use before: 139.5 MB.
System memory in use after: 139.8 MB.

Unloading 50 unused Assets to reduce memory usage. Loaded Objects now: 3961.
Total: 10.975800 ms (FindLiveObjects: 0.755800 ms CreateObjectMapping: 0.422000 ms MarkObjects: 9.712900 ms  DeleteObjects: 0.083000 ms)

========================================================================
Received Prepare
Registering precompiled user dll's ...
Registered in 0.011477 seconds.
Begin MonoManager ReloadAssembly
Native extension for WindowsStandalone target not found
Native extension for WebGL target not found
Refreshing native plugins compatible for Editor in 1.45 ms, found 2 plugins.
Preloading 0 native plugins for Editor in 0.00 ms.
Mono: successfully reloaded assembly
- Completed reload, in  2.377 seconds
Platform modules already initialized, skipping
Shader 'Universal Render Pipeline/Particles/Lit': fallback shader 'Universal Render Pipeline/Particles/SimpleLit' not found
Refreshing native plugins compatible for Editor in 2.69 ms, found 2 plugins.
Preloading 0 native plugins for Editor in 0.00 ms.
Unloading 3396 Unused Serialized files (Serialized files now loaded: 0)
System memory in use before: 139.5 MB.
System memory in use after: 139.8 MB.

Unloading 50 unused Assets to reduce memory usage. Loaded Objects now: 3964.
Total: 10.396900 ms (FindLiveObjects: 0.444300 ms CreateObjectMapping: 0.212600 ms MarkObjects: 9.685200 ms  DeleteObjects: 0.053300 ms)

========================================================================
Received Import Request.
  Time since last request: 380.749794 seconds.
  path: Assets/Scripts/Card.cs
  artifactKey: Guid(5165c33abddb2684294fc3fe564dcdf4) Importer(815301076,1909f56bfc062723c751e8b465ee728b)
Start importing Assets/Scripts/Card.cs using Guid(5165c33abddb2684294fc3fe564dcdf4) Importer(815301076,1909f56bfc062723c751e8b465ee728b)  -> (artifact id: '668153031aecd676ededff14c02d51cb') in 0.016209 seconds
  Import took 0.026918 seconds .

========================================================================
Received Prepare
Registering precompiled user dll's ...
Registered in 0.014293 seconds.
Begin MonoManager ReloadAssembly
Native extension for WindowsStandalone target not found
Native extension for WebGL target not found
Refreshing native plugins compatible for Editor in 1.59 ms, found 2 plugins.
Preloading 0 native plugins for Editor in 0.00 ms.
Mono: successfully reloaded assembly
- Completed reload, in  2.306 seconds
Platform modules already initialized, skipping
Shader 'Universal Render Pipeline/Particles/Lit': fallback shader 'Universal Render Pipeline/Particles/SimpleLit' not found
Refreshing native plugins compatible for Editor in 1.84 ms, found 2 plugins.
Preloading 0 native plugins for Editor in 0.00 ms.
Unloading 3396 Unused Serialized files (Serialized files now loaded: 0)
System memory in use before: 139.5 MB.
System memory in use after: 139.8 MB.

Unloading 50 unused Assets to reduce memory usage. Loaded Objects now: 3967.
Total: 14.221000 ms (FindLiveObjects: 0.682500 ms CreateObjectMapping: 0.315500 ms MarkObjects: 13.165900 ms  DeleteObjects: 0.055500 ms)

========================================================================
Received Import Request.
  Time since last request: 132.424374 seconds.
  path: Assets/Scripts/Card.cs
  artifactKey: Guid(5165c33abddb2684294fc3fe564dcdf4) Importer(815301076,1909f56bfc062723c751e8b465ee728b)
Start importing Assets/Scripts/Card.cs using Guid(5165c33abddb2684294fc3fe564dcdf4) Importer(815301076,1909f56bfc062723c751e8b465ee728b)  -> (artifact id: '68d7be0216d232ee9adb89af1b551695') in 0.017633 seconds
  Import took 0.026088 seconds .

========================================================================
Received Prepare
Registering precompiled user dll's ...
Registered in 0.014517 seconds.
Begin MonoManager ReloadAssembly
Native extension for WindowsStandalone target not found
Native extension for WebGL target not found
Refreshing native plugins compatible for Editor in 1.33 ms, found 2 plugins.
Preloading 0 native plugins for Editor in 0.00 ms.
Mono: successfully reloaded assembly
- Completed reload, in  2.500 seconds
Platform modules already initialized, skipping
Shader 'Universal Render Pipeline/Particles/Lit': fallback shader 'Universal Render Pipeline/Particles/SimpleLit' not found
Refreshing native plugins compatible for Editor in 1.30 ms, found 2 plugins.
Preloading 0 native plugins for Editor in 0.00 ms.
Unloading 3396 Unused Serialized files (Serialized files now loaded: 0)
System memory in use before: 139.6 MB.
System memory in use after: 139.8 MB.

Unloading 50 unused Assets to reduce memory usage. Loaded Objects now: 3970.
Total: 10.565600 ms (FindLiveObjects: 0.589500 ms CreateObjectMapping: 0.327800 ms MarkObjects: 9.579400 ms  DeleteObjects: 0.067100 ms)

========================================================================
Received Import Request.
  Time since last request: 284.352316 seconds.
  path: Assets/Scripts/CardGameParams.cs
  artifactKey: Guid(1c58bd0aa6b8a6a40a168870f9b1f36f) Importer(815301076,1909f56bfc062723c751e8b465ee728b)
Start importing Assets/Scripts/CardGameParams.cs using Guid(1c58bd0aa6b8a6a40a168870f9b1f36f) Importer(815301076,1909f56bfc062723c751e8b465ee728b)  -> (artifact id: 'e2777f0105097f434465a6c93a5fcf1b') in 0.027691 seconds
  Import took 0.040475 seconds .

========================================================================
Received Import Request.
  Time since last request: 6.101000 seconds.
  path: Assets/Scripts/Events
  artifactKey: Guid(9ac2d3fe247b11b4cbd985d13882f9e5) Importer(815301076,1909f56bfc062723c751e8b465ee728b)
Start importing Assets/Scripts/Events using Guid(9ac2d3fe247b11b4cbd985d13882f9e5) Importer(815301076,1909f56bfc062723c751e8b465ee728b)  -> (artifact id: '065d26f76afff80fd386f17a40fbd4ca') in 0.025048 seconds
  Import took 0.075714 seconds .

========================================================================
Received Import Request.
  Time since last request: 2.757463 seconds.
  path: Assets/Scripts/CardAbility/CardAbility.cs
  artifactKey: Guid(b441a8ca6df6ed34fb1ed553d5340449) Importer(815301076,1909f56bfc062723c751e8b465ee728b)
Start importing Assets/Scripts/CardAbility/CardAbility.cs using Guid(b441a8ca6df6ed34fb1ed553d5340449) Importer(815301076,1909f56bfc062723c751e8b465ee728b)  -> (artifact id: '7794911eb172847c7b7f23ff6189e278') in 0.016587 seconds
  Import took 0.027306 seconds .

========================================================================
Received Import Request.
  Time since last request: 1.013480 seconds.
  path: Assets/Scripts/CardAbility/CardIndex.cs
  artifactKey: Guid(8bf07607640375844a27bbfb231c463e) Importer(815301076,1909f56bfc062723c751e8b465ee728b)
Start importing Assets/Scripts/CardAbility/CardIndex.cs using Guid(8bf07607640375844a27bbfb231c463e) Importer(815301076,1909f56bfc062723c751e8b465ee728b)  -> (artifact id: 'e77f2d166d96aca4b213f1fe2199a72d') in 0.038946 seconds
  Import took 0.051682 seconds .

========================================================================
Received Import Request.
  Time since last request: 61.493308 seconds.
  path: Assets/Scripts/StatusEffects/SE_Sharpen.cs
  artifactKey: Guid(8c3b8dd2bec852b4485a738902c640b0) Importer(815301076,1909f56bfc062723c751e8b465ee728b)
Start importing Assets/Scripts/StatusEffects/SE_Sharpen.cs using Guid(8c3b8dd2bec852b4485a738902c640b0) Importer(815301076,1909f56bfc062723c751e8b465ee728b)  -> (artifact id: '3bb4222bee45a9bd09f70ee23c61153f') in 0.031498 seconds
  Import took 0.043678 seconds .

========================================================================
Received Import Request.
  Time since last request: 0.535505 seconds.
  path: Assets/Scripts/StatusEffects/StatusEffect.cs
  artifactKey: Guid(1f5c241d3ec1f9c43bed69e58b9a2ad4) Importer(815301076,1909f56bfc062723c751e8b465ee728b)
Start importing Assets/Scripts/StatusEffects/StatusEffect.cs using Guid(1f5c241d3ec1f9c43bed69e58b9a2ad4) Importer(815301076,1909f56bfc062723c751e8b465ee728b)  -> (artifact id: '1c172771086a7f5196f753e4791741fc') in 0.049865 seconds
  Import took 0.061827 seconds .

========================================================================
Received Prepare
Registering precompiled user dll's ...
Registered in 0.012524 seconds.
Begin MonoManager ReloadAssembly
Native extension for WindowsStandalone target not found
Native extension for WebGL target not found
Refreshing native plugins compatible for Editor in 1.73 ms, found 2 plugins.
Preloading 0 native plugins for Editor in 0.00 ms.
Mono: successfully reloaded assembly
- Completed reload, in  2.280 seconds
Platform modules already initialized, skipping
Shader 'Universal Render Pipeline/Particles/Lit': fallback shader 'Universal Render Pipeline/Particles/SimpleLit' not found
Refreshing native plugins compatible for Editor in 1.38 ms, found 2 plugins.
Preloading 0 native plugins for Editor in 0.00 ms.
Unloading 3396 Unused Serialized files (Serialized files now loaded: 0)
System memory in use before: 139.6 MB.
System memory in use after: 139.8 MB.

Unloading 50 unused Assets to reduce memory usage. Loaded Objects now: 3973.
Total: 11.866000 ms (FindLiveObjects: 0.740700 ms CreateObjectMapping: 0.404200 ms MarkObjects: 10.647200 ms  DeleteObjects: 0.071300 ms)

========================================================================
Received Import Request.
  Time since last request: 297.161823 seconds.
  path: Assets/Scripts/CardAbility/CA_Set1_Raiz.cs
  artifactKey: Guid(593040dd78c36c84d98f49d364b9e4a7) Importer(815301076,1909f56bfc062723c751e8b465ee728b)
Start importing Assets/Scripts/CardAbility/CA_Set1_Raiz.cs using Guid(593040dd78c36c84d98f49d364b9e4a7) Importer(815301076,1909f56bfc062723c751e8b465ee728b)  -> (artifact id: 'c2414766a094a478f24258755c8f34fe') in 0.036675 seconds
  Import took 0.048263 seconds .

========================================================================
Received Import Request.
  Time since last request: 68.121724 seconds.
  path: Assets/Scripts/CardData.cs
  artifactKey: Guid(5fb9ef2367f95c84cb474a1e9890269d) Importer(815301076,1909f56bfc062723c751e8b465ee728b)
Start importing Assets/Scripts/CardData.cs using Guid(5fb9ef2367f95c84cb474a1e9890269d) Importer(815301076,1909f56bfc062723c751e8b465ee728b)  -> (artifact id: '29527d42679ecf244096e056dc65cc91') in 0.027062 seconds
  Import took 0.048474 seconds .

========================================================================
Received Prepare
Registering precompiled user dll's ...
Registered in 0.015567 seconds.
Begin MonoManager ReloadAssembly
Native extension for WindowsStandalone target not found
Native extension for WebGL target not found
Refreshing native plugins compatible for Editor in 1.27 ms, found 2 plugins.
Preloading 0 native plugins for Editor in 0.00 ms.
Mono: successfully reloaded assembly
- Completed reload, in  2.485 seconds
Platform modules already initialized, skipping
Shader 'Universal Render Pipeline/Particles/Lit': fallback shader 'Universal Render Pipeline/Particles/SimpleLit' not found
Refreshing native plugins compatible for Editor in 1.19 ms, found 2 plugins.
Preloading 0 native plugins for Editor in 0.00 ms.
Unloading 3396 Unused Serialized files (Serialized files now loaded: 0)
System memory in use before: 139.6 MB.
System memory in use after: 139.8 MB.

Unloading 50 unused Assets to reduce memory usage. Loaded Objects now: 3976.
Total: 10.536200 ms (FindLiveObjects: 0.452100 ms CreateObjectMapping: 0.683200 ms MarkObjects: 9.349300 ms  DeleteObjects: 0.049800 ms)

========================================================================
Received Import Request.
  Time since last request: 212.099054 seconds.
  path: Assets/Scripts/CardData.cs
  artifactKey: Guid(5fb9ef2367f95c84cb474a1e9890269d) Importer(815301076,1909f56bfc062723c751e8b465ee728b)
Start importing Assets/Scripts/CardData.cs using Guid(5fb9ef2367f95c84cb474a1e9890269d) Importer(815301076,1909f56bfc062723c751e8b465ee728b)  -> (artifact id: '6ad07d416b15d14af96021aaac001526') in 0.018189 seconds
  Import took 0.028649 seconds .

========================================================================
Received Prepare
Registering precompiled user dll's ...
Registered in 0.027952 seconds.
Begin MonoManager ReloadAssembly
Native extension for WindowsStandalone target not found
Native extension for WebGL target not found
Refreshing native plugins compatible for Editor in 1.62 ms, found 2 plugins.
Preloading 0 native plugins for Editor in 0.00 ms.
Mono: successfully reloaded assembly
- Completed reload, in  2.354 seconds
Platform modules already initialized, skipping
Shader 'Universal Render Pipeline/Particles/Lit': fallback shader 'Universal Render Pipeline/Particles/SimpleLit' not found
Refreshing native plugins compatible for Editor in 2.08 ms, found 2 plugins.
Preloading 0 native plugins for Editor in 0.00 ms.
Unloading 3396 Unused Serialized files (Serialized files now loaded: 0)
System memory in use before: 139.6 MB.
System memory in use after: 139.8 MB.

Unloading 50 unused Assets to reduce memory usage. Loaded Objects now: 3979.
Total: 11.716800 ms (FindLiveObjects: 0.827500 ms CreateObjectMapping: 0.391200 ms MarkObjects: 10.447900 ms  DeleteObjects: 0.048300 ms)

========================================================================
Received Prepare
Registering precompiled user dll's ...
Registered in 0.081583 seconds.
Begin MonoManager ReloadAssembly
Native extension for WindowsStandalone target not found
Native extension for WebGL target not found
Refreshing native plugins compatible for Editor in 4.00 ms, found 2 plugins.
Preloading 0 native plugins for Editor in 0.00 ms.
Mono: successfully reloaded assembly
- Completed reload, in 12.018 seconds
Platform modules already initialized, skipping
Shader 'Universal Render Pipeline/Particles/Lit': fallback shader 'Universal Render Pipeline/Particles/SimpleLit' not found
Refreshing native plugins compatible for Editor in 1.38 ms, found 2 plugins.
Preloading 0 native plugins for Editor in 0.00 ms.
Unloading 3396 Unused Serialized files (Serialized files now loaded: 0)
System memory in use before: 139.6 MB.
System memory in use after: 139.8 MB.

Unloading 50 unused Assets to reduce memory usage. Loaded Objects now: 3982.
Total: 9.340200 ms (FindLiveObjects: 0.590500 ms CreateObjectMapping: 0.274400 ms MarkObjects: 8.423300 ms  DeleteObjects: 0.050100 ms)

========================================================================
Received Prepare
Registering precompiled user dll's ...
Registered in 0.014755 seconds.
Begin MonoManager ReloadAssembly
Native extension for WindowsStandalone target not found
Native extension for WebGL target not found
Refreshing native plugins compatible for Editor in 1.83 ms, found 2 plugins.
Preloading 0 native plugins for Editor in 0.00 ms.
Mono: successfully reloaded assembly
- Completed reload, in  2.012 seconds
Platform modules already initialized, skipping
Shader 'Universal Render Pipeline/Particles/Lit': fallback shader 'Universal Render Pipeline/Particles/SimpleLit' not found
Refreshing native plugins compatible for Editor in 1.44 ms, found 2 plugins.
Preloading 0 native plugins for Editor in 0.00 ms.
Unloading 3396 Unused Serialized files (Serialized files now loaded: 0)
System memory in use before: 139.6 MB.
System memory in use after: 139.8 MB.

Unloading 50 unused Assets to reduce memory usage. Loaded Objects now: 3985.
Total: 11.331900 ms (FindLiveObjects: 0.421900 ms CreateObjectMapping: 0.352600 ms MarkObjects: 10.489700 ms  DeleteObjects: 0.064600 ms)

========================================================================
Received Prepare
Registering precompiled user dll's ...
Registered in 0.012970 seconds.
Begin MonoManager ReloadAssembly
Native extension for WindowsStandalone target not found
Native extension for WebGL target not found
Refreshing native plugins compatible for Editor in 1.22 ms, found 2 plugins.
Preloading 0 native plugins for Editor in 0.00 ms.
Mono: successfully reloaded assembly
- Completed reload, in  2.540 seconds
Platform modules already initialized, skipping
Shader 'Universal Render Pipeline/Particles/Lit': fallback shader 'Universal Render Pipeline/Particles/SimpleLit' not found
Refreshing native plugins compatible for Editor in 1.27 ms, found 2 plugins.
Preloading 0 native plugins for Editor in 0.00 ms.
Unloading 3396 Unused Serialized files (Serialized files now loaded: 0)
System memory in use before: 139.6 MB.
System memory in use after: 139.8 MB.

Unloading 50 unused Assets to reduce memory usage. Loaded Objects now: 3988.
Total: 9.657400 ms (FindLiveObjects: 0.413700 ms CreateObjectMapping: 0.224100 ms MarkObjects: 8.963400 ms  DeleteObjects: 0.054600 ms)

========================================================================
Received Import Request.
  Time since last request: 574.171988 seconds.
  path: Assets/Scripts/Actions/PlayCard.cs
  artifactKey: Guid(6def7913a4a105d428bcb7e0d15cb9df) Importer(815301076,1909f56bfc062723c751e8b465ee728b)
Start importing Assets/Scripts/Actions/PlayCard.cs using Guid(6def7913a4a105d428bcb7e0d15cb9df) Importer(815301076,1909f56bfc062723c751e8b465ee728b)  -> (artifact id: '34b65955106b15968ff49e9573eac5af') in 0.039095 seconds
  Import took 0.052773 seconds .

========================================================================
Received Prepare
Registering precompiled user dll's ...
Registered in 0.017028 seconds.
Begin MonoManager ReloadAssembly
Native extension for WindowsStandalone target not found
Native extension for WebGL target not found
Refreshing native plugins compatible for Editor in 1.23 ms, found 2 plugins.
Preloading 0 native plugins for Editor in 0.00 ms.
Mono: successfully reloaded assembly
- Completed reload, in  2.616 seconds
Platform modules already initialized, skipping
Shader 'Universal Render Pipeline/Particles/Lit': fallback shader 'Universal Render Pipeline/Particles/SimpleLit' not found
Refreshing native plugins compatible for Editor in 1.13 ms, found 2 plugins.
Preloading 0 native plugins for Editor in 0.00 ms.
Unloading 3396 Unused Serialized files (Serialized files now loaded: 0)
System memory in use before: 139.6 MB.
System memory in use after: 139.8 MB.

Unloading 50 unused Assets to reduce memory usage. Loaded Objects now: 3991.
Total: 10.362000 ms (FindLiveObjects: 0.441300 ms CreateObjectMapping: 0.204500 ms MarkObjects: 9.654900 ms  DeleteObjects: 0.059800 ms)

========================================================================
Received Import Request.
  Time since last request: 73.756358 seconds.
  path: Assets/Scripts/Actions/PlayCard.cs
  artifactKey: Guid(6def7913a4a105d428bcb7e0d15cb9df) Importer(815301076,1909f56bfc062723c751e8b465ee728b)
Start importing Assets/Scripts/Actions/PlayCard.cs using Guid(6def7913a4a105d428bcb7e0d15cb9df) Importer(815301076,1909f56bfc062723c751e8b465ee728b)  -> (artifact id: 'c9e02c7ec94c43b9859f96c5c4faf78e') in 0.017133 seconds
  Import took 0.025204 seconds .

========================================================================
Received Import Request.
  Time since last request: 3.076419 seconds.
  path: Assets/Scripts/Actions/PlayCard.cs
  artifactKey: Guid(6def7913a4a105d428bcb7e0d15cb9df) Importer(815301076,1909f56bfc062723c751e8b465ee728b)
Start importing Assets/Scripts/Actions/PlayCard.cs using Guid(6def7913a4a105d428bcb7e0d15cb9df) Importer(815301076,1909f56bfc062723c751e8b465ee728b)  -> (artifact id: 'c9e02c7ec94c43b9859f96c5c4faf78e') in 0.012115 seconds
  Import took 0.021643 seconds .

========================================================================
Received Prepare
Registering precompiled user dll's ...
Registered in 0.014804 seconds.
Begin MonoManager ReloadAssembly
Native extension for WindowsStandalone target not found
Native extension for WebGL target not found
Refreshing native plugins compatible for Editor in 2.02 ms, found 2 plugins.
Preloading 0 native plugins for Editor in 0.00 ms.
Mono: successfully reloaded assembly
- Completed reload, in  2.625 seconds
Platform modules already initialized, skipping
Shader 'Universal Render Pipeline/Particles/Lit': fallback shader 'Universal Render Pipeline/Particles/SimpleLit' not found
Refreshing native plugins compatible for Editor in 1.22 ms, found 2 plugins.
Preloading 0 native plugins for Editor in 0.00 ms.
Unloading 3396 Unused Serialized files (Serialized files now loaded: 0)
System memory in use before: 139.6 MB.
System memory in use after: 139.8 MB.

Unloading 50 unused Assets to reduce memory usage. Loaded Objects now: 3994.
Total: 9.422800 ms (FindLiveObjects: 0.661700 ms CreateObjectMapping: 0.337900 ms MarkObjects: 8.372400 ms  DeleteObjects: 0.049300 ms)

========================================================================
Received Prepare
Registering precompiled user dll's ...
Registered in 0.013794 seconds.
Begin MonoManager ReloadAssembly
Native extension for WindowsStandalone target not found
Native extension for WebGL target not found
Refreshing native plugins compatible for Editor in 1.82 ms, found 2 plugins.
Preloading 0 native plugins for Editor in 0.00 ms.
Mono: successfully reloaded assembly
- Completed reload, in  2.541 seconds
Platform modules already initialized, skipping
Shader 'Universal Render Pipeline/Particles/Lit': fallback shader 'Universal Render Pipeline/Particles/SimpleLit' not found
Refreshing native plugins compatible for Editor in 1.67 ms, found 2 plugins.
Preloading 0 native plugins for Editor in 0.00 ms.
Unloading 3396 Unused Serialized files (Serialized files now loaded: 0)
System memory in use before: 139.6 MB.
System memory in use after: 139.8 MB.

Unloading 50 unused Assets to reduce memory usage. Loaded Objects now: 3997.
Total: 10.016000 ms (FindLiveObjects: 0.619900 ms CreateObjectMapping: 0.204500 ms MarkObjects: 9.135900 ms  DeleteObjects: 0.053600 ms)

========================================================================
Received Prepare
Registering precompiled user dll's ...
Registered in 0.072558 seconds.
Begin MonoManager ReloadAssembly
Native extension for WindowsStandalone target not found
Native extension for WebGL target not found
Refreshing native plugins compatible for Editor in 1.39 ms, found 2 plugins.
Preloading 0 native plugins for Editor in 0.00 ms.
Mono: successfully reloaded assembly
- Completed reload, in  2.517 seconds
Platform modules already initialized, skipping
Shader 'Universal Render Pipeline/Particles/Lit': fallback shader 'Universal Render Pipeline/Particles/SimpleLit' not found
Refreshing native plugins compatible for Editor in 1.23 ms, found 2 plugins.
Preloading 0 native plugins for Editor in 0.00 ms.
Unloading 3396 Unused Serialized files (Serialized files now loaded: 0)
System memory in use before: 139.6 MB.
System memory in use after: 139.9 MB.

Unloading 50 unused Assets to reduce memory usage. Loaded Objects now: 4000.
Total: 10.110000 ms (FindLiveObjects: 0.448100 ms CreateObjectMapping: 0.252200 ms MarkObjects: 9.351500 ms  DeleteObjects: 0.056200 ms)

AssetImportWorkerClient::OnTransportError - code=2 error=End of file
